[debug] [2020-12-10T20:14:16.532Z] ----------------------------------------------------------------------
[debug] [2020-12-10T20:14:16.537Z] Command:       /usr/bin/node /usr/local/bin/firebase emulators:start
[debug] [2020-12-10T20:14:16.538Z] CLI Version:   8.18.0
[debug] [2020-12-10T20:14:16.538Z] Platform:      linux
[debug] [2020-12-10T20:14:16.538Z] Node Version:  v12.18.2
[debug] [2020-12-10T20:14:16.539Z] Time:          Fri Dec 11 2020 01:44:16 GMT+0530 (India Standard Time)
[debug] [2020-12-10T20:14:16.540Z] ----------------------------------------------------------------------
[debug] [2020-12-10T20:14:16.540Z] 
[debug] [2020-12-10T20:14:16.554Z] > command requires scopes: ["email","openid","https://www.googleapis.com/auth/cloudplatformprojects.readonly","https://www.googleapis.com/auth/firebase","https://www.googleapis.com/auth/cloud-platform"]
[debug] [2020-12-10T20:14:16.554Z] > authorizing via signed-in user
[info] i  emulators: Starting emulators: functions, hosting {"metadata":{"emulator":{"name":"hub"},"message":"Starting emulators: functions, hosting"}}
[debug] [2020-12-10T20:14:16.668Z] [hub] writing locator at /tmp/hub-clone-7473c.json
[warn] ⚠  functions: The following emulators are not running, calls to these services from the Functions emulator will affect production: auth, firestore, database, pubsub {"metadata":{"emulator":{"name":"functions"},"message":"The following emulators are not running, calls to these services from the Functions emulator will affect production: \u001b[1mauth, firestore, database, pubsub\u001b[22m"}}
[info] ✔  functions: Using node@12 from host. {"metadata":{"emulator":{"name":"functions"},"message":"Using node@12 from host."}}
[debug] [2020-12-10T20:14:16.758Z] defaultcredentials: writing to file /home/ketangupta34/.config/firebase/ketangupta34_gmail_com_application_default_credentials.json
[debug] [2020-12-10T20:14:16.768Z] Setting GAC to /home/ketangupta34/.config/firebase/ketangupta34_gmail_com_application_default_credentials.json {"metadata":{"emulator":{"name":"functions"},"message":"Setting GAC to /home/ketangupta34/.config/firebase/ketangupta34_gmail_com_application_default_credentials.json"}}
[debug] [2020-12-10T20:14:16.790Z] >>> HTTP REQUEST GET https://firebase.googleapis.com/v1beta1/projects/clone-7473c/webApps/-/config  
 
[debug] [2020-12-10T20:14:18.947Z] <<< HTTP RESPONSE 200 {"content-type":"application/json; charset=UTF-8","vary":"X-Origin, Referer, Origin,Accept-Encoding","date":"Thu, 10 Dec 2020 20:14:18 GMT","server":"ESF","cache-control":"private","x-xss-protection":"0","x-frame-options":"SAMEORIGIN","x-content-type-options":"nosniff","alt-svc":"h3-29=\":443\"; ma=2592000,h3-T051=\":443\"; ma=2592000,h3-Q050=\":443\"; ma=2592000,h3-Q046=\":443\"; ma=2592000,h3-Q043=\":443\"; ma=2592000,quic=\":443\"; ma=2592000; v=\"46,43\"","accept-ranges":"none","transfer-encoding":"chunked"}
[info] i  hosting: Serving hosting files from: build {"metadata":{"emulator":{"name":"hosting"},"message":"Serving hosting files from: \u001b[1mbuild\u001b[22m"}}
[info] ✔  hosting: Local server: http://localhost:5000 {"metadata":{"emulator":{"name":"hosting"},"message":"Local server: \u001b[4m\u001b[1mhttp://localhost:5000\u001b[22m\u001b[24m"}}
[debug] [2020-12-10T20:14:19.002Z] Ignoring unsupported arg: auto_download {"metadata":{"emulator":{"name":"ui"},"message":"Ignoring unsupported arg: auto_download"}}
[debug] [2020-12-10T20:14:19.002Z] Ignoring unsupported arg: port {"metadata":{"emulator":{"name":"ui"},"message":"Ignoring unsupported arg: port"}}
[debug] [2020-12-10T20:14:19.003Z] Starting Emulator UI with command {"binary":"node","args":["/home/ketangupta34/.cache/firebase/emulators/ui-v1.3.0/server.bundle.js"],"optionalArgs":[],"joinArgs":false} {"metadata":{"emulator":{"name":"ui"},"message":"Starting Emulator UI with command {\"binary\":\"node\",\"args\":[\"/home/ketangupta34/.cache/firebase/emulators/ui-v1.3.0/server.bundle.js\"],\"optionalArgs\":[],\"joinArgs\":false}"}}
[info] i  ui: Emulator UI logging to ui-debug.log {"metadata":{"emulator":{"name":"ui"},"message":"Emulator UI logging to \u001b[1mui-debug.log\u001b[22m"}}
[debug] [2020-12-10T20:14:19.209Z] Web / API server started at http://localhost:4000
 {"metadata":{"emulator":{"name":"ui"},"message":"Web / API server started at http://localhost:4000\n"}}
[info] i  functions: Watching "/home/ketangupta34/Documents/React/Amazon/functions" for Cloud Functions... {"metadata":{"emulator":{"name":"functions"},"message":"Watching \"/home/ketangupta34/Documents/React/Amazon/functions\" for Cloud Functions..."}}
[debug] [2020-12-10T20:14:19.308Z] [worker-pool] addWorker(~diagnostic~) {"metadata":{"emulator":{"name":"functions"},"message":"[worker-pool] addWorker(~diagnostic~)"}}
[debug] [2020-12-10T20:14:19.308Z] [worker-pool] Adding worker with key ~diagnostic~, total=1 {"metadata":{"emulator":{"name":"functions"},"message":"[worker-pool] Adding worker with key ~diagnostic~, total=1"}}
[debug] [2020-12-10T20:14:19.309Z] [worker-pool] submitWork(triggerId=) {"metadata":{"emulator":{"name":"functions"},"message":"[worker-pool] submitWork(triggerId=)"}}
[debug] [2020-12-10T20:14:19.310Z] [worker-~diagnostic~-91aff9a7-f50b-4335-81be-f674d1545194]: Assigning socketPath: /tmp/fire_emu_5406.sock {"metadata":{"emulator":{"name":"functions"},"message":"[worker-~diagnostic~-91aff9a7-f50b-4335-81be-f674d1545194]: Assigning socketPath: /tmp/fire_emu_5406.sock"}}
[debug] [2020-12-10T20:14:19.311Z] [worker-~diagnostic~-91aff9a7-f50b-4335-81be-f674d1545194]: BUSY {"metadata":{"emulator":{"name":"functions"},"message":"[worker-~diagnostic~-91aff9a7-f50b-4335-81be-f674d1545194]: BUSY"}}
[debug] [2020-12-10T20:14:19.542Z] [runtime-status] [5406] Functions runtime initialized. {"cwd":"/home/ketangupta34/Documents/React/Amazon/functions","node_version":"12.18.2"} {"metadata":{"emulator":{"name":"functions"},"message":"[runtime-status] [5406] Functions runtime initialized. {\"cwd\":\"/home/ketangupta34/Documents/React/Amazon/functions\",\"node_version\":\"12.18.2\"}"}}
[debug] [2020-12-10T20:14:19.545Z] [runtime-status] [5406] Disabled runtime features: undefined {"metadata":{"emulator":{"name":"functions"},"message":"[runtime-status] [5406] Disabled runtime features: undefined"}}
[debug] [2020-12-10T20:14:19.548Z] [runtime-status] [5406] Resolved module firebase-admin {"declared":true,"installed":true,"version":"9.4.2","resolution":"/home/ketangupta34/Documents/React/Amazon/functions/node_modules/firebase-admin/lib/index.js"} {"metadata":{"emulator":{"name":"functions"},"message":"[runtime-status] [5406] Resolved module firebase-admin {\"declared\":true,\"installed\":true,\"version\":\"9.4.2\",\"resolution\":\"/home/ketangupta34/Documents/React/Amazon/functions/node_modules/firebase-admin/lib/index.js\"}"}}
[debug] [2020-12-10T20:14:19.552Z] [runtime-status] [5406] Resolved module firebase-functions {"declared":true,"installed":true,"version":"3.13.0","resolution":"/home/ketangupta34/Documents/React/Amazon/functions/node_modules/firebase-functions/lib/index.js"} {"metadata":{"emulator":{"name":"functions"},"message":"[runtime-status] [5406] Resolved module firebase-functions {\"declared\":true,\"installed\":true,\"version\":\"3.13.0\",\"resolution\":\"/home/ketangupta34/Documents/React/Amazon/functions/node_modules/firebase-functions/lib/index.js\"}"}}
[debug] [2020-12-10T20:14:19.555Z] [runtime-status] [5406] Resolved module firebase-functions {"declared":true,"installed":true,"version":"3.13.0","resolution":"/home/ketangupta34/Documents/React/Amazon/functions/node_modules/firebase-functions/lib/index.js"} {"metadata":{"emulator":{"name":"functions"},"message":"[runtime-status] [5406] Resolved module firebase-functions {\"declared\":true,\"installed\":true,\"version\":\"3.13.0\",\"resolution\":\"/home/ketangupta34/Documents/React/Amazon/functions/node_modules/firebase-functions/lib/index.js\"}"}}
[debug] [2020-12-10T20:14:19.562Z] [runtime-status] [5406] Outgoing network have been stubbed. [{"name":"http","status":"mocked"},{"name":"http","status":"mocked"},{"name":"https","status":"mocked"},{"name":"https","status":"mocked"},{"name":"net","status":"mocked"}] {"metadata":{"emulator":{"name":"functions"},"message":"[runtime-status] [5406] Outgoing network have been stubbed. [{\"name\":\"http\",\"status\":\"mocked\"},{\"name\":\"http\",\"status\":\"mocked\"},{\"name\":\"https\",\"status\":\"mocked\"},{\"name\":\"https\",\"status\":\"mocked\"},{\"name\":\"net\",\"status\":\"mocked\"}]"}}
[debug] [2020-12-10T20:14:19.565Z] [runtime-status] [5406] Resolved module firebase-functions {"declared":true,"installed":true,"version":"3.13.0","resolution":"/home/ketangupta34/Documents/React/Amazon/functions/node_modules/firebase-functions/lib/index.js"} {"metadata":{"emulator":{"name":"functions"},"message":"[runtime-status] [5406] Resolved module firebase-functions {\"declared\":true,\"installed\":true,\"version\":\"3.13.0\",\"resolution\":\"/home/ketangupta34/Documents/React/Amazon/functions/node_modules/firebase-functions/lib/index.js\"}"}}
[debug] [2020-12-10T20:14:19.612Z] [runtime-status] [5406] Checked functions.config() {"config":{}} {"metadata":{"emulator":{"name":"functions"},"message":"[runtime-status] [5406] Checked functions.config() {\"config\":{}}"}}
[debug] [2020-12-10T20:14:19.612Z] [runtime-status] [5406] firebase-functions has been stubbed. {"functionsResolution":{"declared":true,"installed":true,"version":"3.13.0","resolution":"/home/ketangupta34/Documents/React/Amazon/functions/node_modules/firebase-functions/lib/index.js"}} {"metadata":{"emulator":{"name":"functions"},"message":"[runtime-status] [5406] firebase-functions has been stubbed. {\"functionsResolution\":{\"declared\":true,\"installed\":true,\"version\":\"3.13.0\",\"resolution\":\"/home/ketangupta34/Documents/React/Amazon/functions/node_modules/firebase-functions/lib/index.js\"}}"}}
[debug] [2020-12-10T20:14:19.614Z] [runtime-status] [5406] Resolved module firebase-functions {"declared":true,"installed":true,"version":"3.13.0","resolution":"/home/ketangupta34/Documents/React/Amazon/functions/node_modules/firebase-functions/lib/index.js"} {"metadata":{"emulator":{"name":"functions"},"message":"[runtime-status] [5406] Resolved module firebase-functions {\"declared\":true,\"installed\":true,\"version\":\"3.13.0\",\"resolution\":\"/home/ketangupta34/Documents/React/Amazon/functions/node_modules/firebase-functions/lib/index.js\"}"}}
[debug] [2020-12-10T20:14:19.616Z] [runtime-status] [5406] Resolved module firebase-admin {"declared":true,"installed":true,"version":"9.4.2","resolution":"/home/ketangupta34/Documents/React/Amazon/functions/node_modules/firebase-admin/lib/index.js"} {"metadata":{"emulator":{"name":"functions"},"message":"[runtime-status] [5406] Resolved module firebase-admin {\"declared\":true,\"installed\":true,\"version\":\"9.4.2\",\"resolution\":\"/home/ketangupta34/Documents/React/Amazon/functions/node_modules/firebase-admin/lib/index.js\"}"}}
[debug] [2020-12-10T20:14:19.616Z] [runtime-status] [5406] Resolved module firebase-functions {"declared":true,"installed":true,"version":"3.13.0","resolution":"/home/ketangupta34/Documents/React/Amazon/functions/node_modules/firebase-functions/lib/index.js"} {"metadata":{"emulator":{"name":"functions"},"message":"[runtime-status] [5406] Resolved module firebase-functions {\"declared\":true,\"installed\":true,\"version\":\"3.13.0\",\"resolution\":\"/home/ketangupta34/Documents/React/Amazon/functions/node_modules/firebase-functions/lib/index.js\"}"}}
[debug] [2020-12-10T20:14:19.616Z] [runtime-status] [5406] firebase-admin has been stubbed. {"adminResolution":{"declared":true,"installed":true,"version":"9.4.2","resolution":"/home/ketangupta34/Documents/React/Amazon/functions/node_modules/firebase-admin/lib/index.js"}} {"metadata":{"emulator":{"name":"functions"},"message":"[runtime-status] [5406] firebase-admin has been stubbed. {\"adminResolution\":{\"declared\":true,\"installed\":true,\"version\":\"9.4.2\",\"resolution\":\"/home/ketangupta34/Documents/React/Amazon/functions/node_modules/firebase-admin/lib/index.js\"}}"}}
[info] ✔  functions[api]: http function initialized (http://localhost:5001/clone-7473c/us-central1/api). {"metadata":{"emulator":{"name":"functions"},"message":"\u001b[1mhttp\u001b[22m function initialized (http://localhost:5001/clone-7473c/us-central1/api)."}}
[info] 
┌────────────────────────────────────────────────────────────────┐
│ ✔  All emulators ready! View status and logs at localhost:4000 │
└────────────────────────────────────────────────────────────────┘

┌───────────┬────────────────┬──────────────────────────┐
│ Emulator  │ Host:Port      │ View in Emulator UI      │
├───────────┼────────────────┼──────────────────────────┤
│ Functions │ localhost:5001 │ localhost:4000/functions │
├───────────┼────────────────┼──────────────────────────┤
│ Hosting   │ localhost:5000 │ n/a                      │
└───────────┴────────────────┴──────────────────────────┘
  Other reserved ports: 4400, 4500

Issues? Report them at https://github.com/firebase/firebase-tools/issues and attach the *-debug.log files.
 
[debug] [2020-12-10T20:14:19.758Z] [worker-~diagnostic~-91aff9a7-f50b-4335-81be-f674d1545194]: IDLE {"metadata":{"emulator":{"name":"functions"},"message":"[worker-~diagnostic~-91aff9a7-f50b-4335-81be-f674d1545194]: IDLE"}}
[debug] [2020-12-10T20:14:26.304Z] [work-queue] {"queueLength":1,"workRunningCount":0}
[debug] [2020-12-10T20:14:26.306Z] [work-queue] {"queueLength":0,"workRunningCount":1}
[debug] [2020-12-10T20:14:26.307Z] Accepted request GET /clone-7473c/us-central1/api --> api
[debug] [2020-12-10T20:14:26.324Z] [worker-pool] addWorker(api) {"metadata":{"emulator":{"name":"functions"},"message":"[worker-pool] addWorker(api)"}}
[debug] [2020-12-10T20:14:26.325Z] [worker-pool] Adding worker with key api, total=1 {"metadata":{"emulator":{"name":"functions"},"message":"[worker-pool] Adding worker with key api, total=1"}}
[debug] [2020-12-10T20:14:26.326Z] [worker-pool] submitWork(triggerId=api) {"metadata":{"emulator":{"name":"functions"},"message":"[worker-pool] submitWork(triggerId=api)"}}
[debug] [2020-12-10T20:14:26.326Z] [worker-api-d19940a9-959a-4563-96da-35e5f0060d2a]: Assigning socketPath: /tmp/fire_emu_5471.sock {"metadata":{"emulator":{"name":"functions"},"message":"[worker-api-d19940a9-959a-4563-96da-35e5f0060d2a]: Assigning socketPath: /tmp/fire_emu_5471.sock"}}
[debug] [2020-12-10T20:14:26.327Z] [worker-api-d19940a9-959a-4563-96da-35e5f0060d2a]: BUSY {"metadata":{"emulator":{"name":"functions"},"message":"[worker-api-d19940a9-959a-4563-96da-35e5f0060d2a]: BUSY"}}
[debug] [2020-12-10T20:14:27.041Z] [runtime-status] [5471] Functions runtime initialized. {"cwd":"/home/ketangupta34/Documents/React/Amazon/functions","node_version":"12.18.2"} {"metadata":{"emulator":{"name":"functions"},"function":{"name":"api"},"message":"[runtime-status] [5471] Functions runtime initialized. {\"cwd\":\"/home/ketangupta34/Documents/React/Amazon/functions\",\"node_version\":\"12.18.2\"}"}}
[debug] [2020-12-10T20:14:27.046Z] [runtime-status] [5471] Disabled runtime features: undefined {"metadata":{"emulator":{"name":"functions"},"function":{"name":"api"},"message":"[runtime-status] [5471] Disabled runtime features: undefined"}}
[debug] [2020-12-10T20:14:27.051Z] [runtime-status] [5471] Resolved module firebase-admin {"declared":true,"installed":true,"version":"9.4.2","resolution":"/home/ketangupta34/Documents/React/Amazon/functions/node_modules/firebase-admin/lib/index.js"} {"metadata":{"emulator":{"name":"functions"},"function":{"name":"api"},"message":"[runtime-status] [5471] Resolved module firebase-admin {\"declared\":true,\"installed\":true,\"version\":\"9.4.2\",\"resolution\":\"/home/ketangupta34/Documents/React/Amazon/functions/node_modules/firebase-admin/lib/index.js\"}"}}
[debug] [2020-12-10T20:14:27.055Z] [runtime-status] [5471] Resolved module firebase-functions {"declared":true,"installed":true,"version":"3.13.0","resolution":"/home/ketangupta34/Documents/React/Amazon/functions/node_modules/firebase-functions/lib/index.js"} {"metadata":{"emulator":{"name":"functions"},"function":{"name":"api"},"message":"[runtime-status] [5471] Resolved module firebase-functions {\"declared\":true,\"installed\":true,\"version\":\"3.13.0\",\"resolution\":\"/home/ketangupta34/Documents/React/Amazon/functions/node_modules/firebase-functions/lib/index.js\"}"}}
[debug] [2020-12-10T20:14:27.057Z] [runtime-status] [5471] Resolved module firebase-functions {"declared":true,"installed":true,"version":"3.13.0","resolution":"/home/ketangupta34/Documents/React/Amazon/functions/node_modules/firebase-functions/lib/index.js"} {"metadata":{"emulator":{"name":"functions"},"function":{"name":"api"},"message":"[runtime-status] [5471] Resolved module firebase-functions {\"declared\":true,\"installed\":true,\"version\":\"3.13.0\",\"resolution\":\"/home/ketangupta34/Documents/React/Amazon/functions/node_modules/firebase-functions/lib/index.js\"}"}}
[debug] [2020-12-10T20:14:27.064Z] [runtime-status] [5471] Outgoing network have been stubbed. [{"name":"http","status":"mocked"},{"name":"http","status":"mocked"},{"name":"https","status":"mocked"},{"name":"https","status":"mocked"},{"name":"net","status":"mocked"}] {"metadata":{"emulator":{"name":"functions"},"function":{"name":"api"},"message":"[runtime-status] [5471] Outgoing network have been stubbed. [{\"name\":\"http\",\"status\":\"mocked\"},{\"name\":\"http\",\"status\":\"mocked\"},{\"name\":\"https\",\"status\":\"mocked\"},{\"name\":\"https\",\"status\":\"mocked\"},{\"name\":\"net\",\"status\":\"mocked\"}]"}}
[debug] [2020-12-10T20:14:27.066Z] [runtime-status] [5471] Resolved module firebase-functions {"declared":true,"installed":true,"version":"3.13.0","resolution":"/home/ketangupta34/Documents/React/Amazon/functions/node_modules/firebase-functions/lib/index.js"} {"metadata":{"emulator":{"name":"functions"},"function":{"name":"api"},"message":"[runtime-status] [5471] Resolved module firebase-functions {\"declared\":true,\"installed\":true,\"version\":\"3.13.0\",\"resolution\":\"/home/ketangupta34/Documents/React/Amazon/functions/node_modules/firebase-functions/lib/index.js\"}"}}
[debug] [2020-12-10T20:14:27.117Z] [runtime-status] [5471] Checked functions.config() {"config":{}} {"metadata":{"emulator":{"name":"functions"},"function":{"name":"api"},"message":"[runtime-status] [5471] Checked functions.config() {\"config\":{}}"}}
[debug] [2020-12-10T20:14:27.118Z] [runtime-status] [5471] firebase-functions has been stubbed. {"functionsResolution":{"declared":true,"installed":true,"version":"3.13.0","resolution":"/home/ketangupta34/Documents/React/Amazon/functions/node_modules/firebase-functions/lib/index.js"}} {"metadata":{"emulator":{"name":"functions"},"function":{"name":"api"},"message":"[runtime-status] [5471] firebase-functions has been stubbed. {\"functionsResolution\":{\"declared\":true,\"installed\":true,\"version\":\"3.13.0\",\"resolution\":\"/home/ketangupta34/Documents/React/Amazon/functions/node_modules/firebase-functions/lib/index.js\"}}"}}
[debug] [2020-12-10T20:14:27.120Z] [runtime-status] [5471] Resolved module firebase-functions {"declared":true,"installed":true,"version":"3.13.0","resolution":"/home/ketangupta34/Documents/React/Amazon/functions/node_modules/firebase-functions/lib/index.js"} {"metadata":{"emulator":{"name":"functions"},"function":{"name":"api"},"message":"[runtime-status] [5471] Resolved module firebase-functions {\"declared\":true,\"installed\":true,\"version\":\"3.13.0\",\"resolution\":\"/home/ketangupta34/Documents/React/Amazon/functions/node_modules/firebase-functions/lib/index.js\"}"}}
[debug] [2020-12-10T20:14:27.122Z] [runtime-status] [5471] Resolved module firebase-admin {"declared":true,"installed":true,"version":"9.4.2","resolution":"/home/ketangupta34/Documents/React/Amazon/functions/node_modules/firebase-admin/lib/index.js"} {"metadata":{"emulator":{"name":"functions"},"function":{"name":"api"},"message":"[runtime-status] [5471] Resolved module firebase-admin {\"declared\":true,\"installed\":true,\"version\":\"9.4.2\",\"resolution\":\"/home/ketangupta34/Documents/React/Amazon/functions/node_modules/firebase-admin/lib/index.js\"}"}}
[debug] [2020-12-10T20:14:27.123Z] [runtime-status] [5471] Resolved module firebase-functions {"declared":true,"installed":true,"version":"3.13.0","resolution":"/home/ketangupta34/Documents/React/Amazon/functions/node_modules/firebase-functions/lib/index.js"} {"metadata":{"emulator":{"name":"functions"},"function":{"name":"api"},"message":"[runtime-status] [5471] Resolved module firebase-functions {\"declared\":true,\"installed\":true,\"version\":\"3.13.0\",\"resolution\":\"/home/ketangupta34/Documents/React/Amazon/functions/node_modules/firebase-functions/lib/index.js\"}"}}
[debug] [2020-12-10T20:14:27.123Z] [runtime-status] [5471] firebase-admin has been stubbed. {"adminResolution":{"declared":true,"installed":true,"version":"9.4.2","resolution":"/home/ketangupta34/Documents/React/Amazon/functions/node_modules/firebase-admin/lib/index.js"}} {"metadata":{"emulator":{"name":"functions"},"function":{"name":"api"},"message":"[runtime-status] [5471] firebase-admin has been stubbed. {\"adminResolution\":{\"declared\":true,\"installed\":true,\"version\":\"9.4.2\",\"resolution\":\"/home/ketangupta34/Documents/React/Amazon/functions/node_modules/firebase-admin/lib/index.js\"}}"}}
[debug] [2020-12-10T20:14:27.268Z] [runtime-status] [5471] Trigger "api" has been found, beginning invocation! {"metadata":{"emulator":{"name":"functions"},"function":{"name":"api"},"message":"[runtime-status] [5471] Trigger \"api\" has been found, beginning invocation!"}}
[info] i  functions: Beginning execution of "api" {"metadata":{"emulator":{"name":"functions"},"function":{"name":"api"},"message":"Beginning execution of \"api\""}}
[debug] [2020-12-10T20:14:27.269Z] [runtime-status] [5471] triggerDefinition {"httpsTrigger":{},"name":"api","entryPoint":"api"} {"metadata":{"emulator":{"name":"functions"},"function":{"name":"api"},"message":"[runtime-status] [5471] triggerDefinition {\"httpsTrigger\":{},\"name\":\"api\",\"entryPoint\":\"api\"}"}}
[debug] [2020-12-10T20:14:27.270Z] [runtime-status] [5471] Running api in mode HTTPS {"metadata":{"emulator":{"name":"functions"},"function":{"name":"api"},"message":"[runtime-status] [5471] Running api in mode HTTPS"}}
[debug] [2020-12-10T20:14:27.279Z] [runtime-status] [5471] Attempting to listen to socketPath: /tmp/fire_emu_5471.sock {"metadata":{"emulator":{"name":"functions"},"function":{"name":"api"},"message":"[runtime-status] [5471] Attempting to listen to socketPath: /tmp/fire_emu_5471.sock"}}
[debug] [2020-12-10T20:14:27.285Z] [functions] Runtime ready! Sending request! {"metadata":{"emulator":{"name":"functions"},"message":"[functions] Runtime ready! Sending request!"}}
[debug] [2020-12-10T20:14:27.312Z] [runtime-status] [5471] Ephemeral server handling GET request {"metadata":{"emulator":{"name":"functions"},"function":{"name":"api"},"message":"[runtime-status] [5471] Ephemeral server handling GET request"}}
[debug] [2020-12-10T20:14:27.331Z] [runtime-status] [5471] Ephemeral server survived. {"metadata":{"emulator":{"name":"functions"},"function":{"name":"api"},"message":"[runtime-status] [5471] Ephemeral server survived."}}
[info] i  functions: Finished "api" in ~1s {"metadata":{"emulator":{"name":"functions"},"function":{"name":"api"},"message":"Finished \"api\" in ~1s"}}
[debug] [2020-12-10T20:14:27.336Z] [worker-api-d19940a9-959a-4563-96da-35e5f0060d2a]: IDLE {"metadata":{"emulator":{"name":"functions"},"message":"[worker-api-d19940a9-959a-4563-96da-35e5f0060d2a]: IDLE"}}
[debug] [2020-12-10T20:14:27.336Z] [work-queue] {"queueLength":0,"workRunningCount":0}
[debug] [2020-12-10T20:15:39.738Z] [work-queue] {"queueLength":1,"workRunningCount":0}
[debug] [2020-12-10T20:15:39.738Z] [work-queue] {"queueLength":0,"workRunningCount":1}
[debug] [2020-12-10T20:15:39.738Z] Accepted request POST /clone-7473c/us-central1/api/payments/create?total=4600000 --> api
[debug] [2020-12-10T20:15:39.739Z] [worker-pool] submitWork(triggerId=api) {"metadata":{"emulator":{"name":"functions"},"message":"[worker-pool] submitWork(triggerId=api)"}}
[debug] [2020-12-10T20:15:39.739Z] [worker-api-d19940a9-959a-4563-96da-35e5f0060d2a]: Assigning socketPath: /tmp/fire_emu_5471.sock {"metadata":{"emulator":{"name":"functions"},"message":"[worker-api-d19940a9-959a-4563-96da-35e5f0060d2a]: Assigning socketPath: /tmp/fire_emu_5471.sock"}}
[debug] [2020-12-10T20:15:39.740Z] [worker-api-d19940a9-959a-4563-96da-35e5f0060d2a]: BUSY {"metadata":{"emulator":{"name":"functions"},"message":"[worker-api-d19940a9-959a-4563-96da-35e5f0060d2a]: BUSY"}}
[debug] [2020-12-10T20:15:39.743Z] [runtime-status] [5471] Trigger "api" has been found, beginning invocation! {"metadata":{"emulator":{"name":"functions"},"function":{"name":"api"},"message":"[runtime-status] [5471] Trigger \"api\" has been found, beginning invocation!"}}
[info] i  functions: Beginning execution of "api" {"metadata":{"emulator":{"name":"functions"},"function":{"name":"api"},"message":"Beginning execution of \"api\""}}
[debug] [2020-12-10T20:15:39.744Z] [runtime-status] [5471] triggerDefinition {"httpsTrigger":{},"name":"api","entryPoint":"api"} {"metadata":{"emulator":{"name":"functions"},"function":{"name":"api"},"message":"[runtime-status] [5471] triggerDefinition {\"httpsTrigger\":{},\"name\":\"api\",\"entryPoint\":\"api\"}"}}
[debug] [2020-12-10T20:15:39.745Z] [runtime-status] [5471] Running api in mode HTTPS {"metadata":{"emulator":{"name":"functions"},"function":{"name":"api"},"message":"[runtime-status] [5471] Running api in mode HTTPS"}}
[debug] [2020-12-10T20:15:39.745Z] [runtime-status] [5471] Attempting to listen to socketPath: /tmp/fire_emu_5471.sock {"metadata":{"emulator":{"name":"functions"},"function":{"name":"api"},"message":"[runtime-status] [5471] Attempting to listen to socketPath: /tmp/fire_emu_5471.sock"}}
[debug] [2020-12-10T20:15:39.791Z] [functions] Runtime ready! Sending request! {"metadata":{"emulator":{"name":"functions"},"message":"[functions] Runtime ready! Sending request!"}}
[debug] [2020-12-10T20:15:39.818Z] [runtime-status] [5471] Ephemeral server handling POST request {"metadata":{"emulator":{"name":"functions"},"function":{"name":"api"},"message":"[runtime-status] [5471] Ephemeral server handling POST request"}}
[debug] [2020-12-10T20:15:39.860Z] [runtime-status] [5471] Ephemeral server survived. {"metadata":{"emulator":{"name":"functions"},"function":{"name":"api"},"message":"[runtime-status] [5471] Ephemeral server survived."}}
[info] i  functions: Finished "api" in ~1s {"metadata":{"emulator":{"name":"functions"},"function":{"name":"api"},"message":"Finished \"api\" in ~1s"}}
[debug] [2020-12-10T20:15:40.753Z] [worker-api-d19940a9-959a-4563-96da-35e5f0060d2a]: IDLE {"metadata":{"emulator":{"name":"functions"},"message":"[worker-api-d19940a9-959a-4563-96da-35e5f0060d2a]: IDLE"}}
[debug] [2020-12-10T20:15:40.753Z] [work-queue] {"queueLength":0,"workRunningCount":0}
